<?xml version="1.0" encoding="UTF-8"?>
<!-- Generated by org.testng.reporters.JUnitReportReporter -->
<testsuite skipped="0" hostname="MITHUN-PC" name="com.crm.qa.testcases.HomePageTest" tests="3" failures="0" timestamp="22 Jul 2019 08:42:33 GMT" time="68.679" errors="0">
  <testcase name="contactsLinkTest" time="26.030" classname="com.crm.qa.testcases.HomePageTest"/>
  <testcase name="verifyUserLabelTest" time="22.896" classname="com.crm.qa.testcases.HomePageTest"/>
  <testcase name="homePageTitleTest" time="19.753" classname="com.crm.qa.testcases.HomePageTest"/>
</testsuite> <!-- com.crm.qa.testcases.HomePageTest -->
