<?xml version="1.0" encoding="UTF-8"?>
<!-- Generated by org.testng.reporters.JUnitReportReporter -->
<testsuite skipped="0" hostname="MITHUN-PC" name="com.crm.qa.testdata.CRMmainPageTest" tests="4" failures="0" timestamp="17 May 2019 11:16:07 GMT" time="68.767" errors="0">
  <testcase name="CRMmainPageTitleTest" time="9.502" classname="com.crm.qa.testdata.CRMmainPageTest"/>
  <testcase name="crmLogoImageTest" time="9.110" classname="com.crm.qa.testdata.CRMmainPageTest"/>
  <testcase name="validatePhoneNoTest" time="25.841" classname="com.crm.qa.testdata.CRMmainPageTest"/>
  <testcase name="clickOnLoginOptnTst" time="24.314" classname="com.crm.qa.testdata.CRMmainPageTest"/>
</testsuite> <!-- com.crm.qa.testdata.CRMmainPageTest -->
