<?xml version="1.0" encoding="UTF-8"?>
<!-- Generated by org.testng.reporters.JUnitReportReporter -->
<testsuite skipped="0" hostname="MITHUN-PC" name="com.crm.qa.testcases.LoginPageTest" tests="4" failures="0" timestamp="22 Jul 2019 08:42:33 GMT" time="99.173" errors="0">
  <testcase name="emailAttributeTest" time="23.487" classname="com.crm.qa.testcases.LoginPageTest"/>
  <testcase name="passwordAttributeTest" time="24.953" classname="com.crm.qa.testcases.LoginPageTest"/>
  <testcase name="loginTest" time="28.214" classname="com.crm.qa.testcases.LoginPageTest"/>
  <testcase name="loginPageTitleTest" time="22.519" classname="com.crm.qa.testcases.LoginPageTest"/>
</testsuite> <!-- com.crm.qa.testcases.LoginPageTest -->
