<?xml version="1.0" encoding="UTF-8"?>
<!-- Generated by org.testng.reporters.JUnitReportReporter -->
<testsuite skipped="1" hostname="MITHUN-PC" name="com.crm.qa.testcases.ContactsPageTest" tests="2" failures="0" timestamp="22 Jul 2019 09:06:56 GMT" time="44.443" errors="0">
  <testcase name="validateCreateNewContact" time="44.342" classname="com.crm.qa.testcases.ContactsPageTest">
    <skipped/>
  </testcase> <!-- validateCreateNewContact -->
  <testcase name="contactsLabelTest" time="0.101" classname="com.crm.qa.testcases.ContactsPageTest"/>
</testsuite> <!-- com.crm.qa.testcases.ContactsPageTest -->
